<?xml version="1.0" encoding="UTF-8"?>
<!-- Generated by org.testng.reporters.JUnitXMLReporter -->
<testsuite ignored="3" hostname="LMPITSJ8NH6Q3" failures="0" tests="4" name="Test" time="64.882" errors="0" timestamp="2022-12-23T18:20:24 IST">
  <testcase classname="tests.LoginTest.LoginPage" name="validatelogin" time="19.687"/>
  <testcase classname="tests.LoginTest.LoginPage" name="validateManagerLogin" time="15.517"/>
  <testcase classname="tests.managerMyTeamApproval.pendingException.MgrPendingExceptionsTest" name="validateMgrEmpDetails" time="8.326"/>
  <testcase classname="tests.managerMyTeamApproval.pendingException.MgrPendingExceptionsTest" name="validateManagerException1" time="2.442"/>
  <testcase classname="tests.LoginTest.LoginPage" name="validateForgotPass" time="0.0">
    <ignored/>
  </testcase> <!-- validateForgotPass -->
  <testcase classname="tests.LoginTest.LoginPage" name="validateLogout" time="0.0">
    <ignored/>
  </testcase> <!-- validateLogout -->
  <testcase classname="tests.LoginTest.LoginPage" name="validateAutoLogout" time="0.0">
    <ignored/>
  </testcase> <!-- validateAutoLogout -->
</testsuite> <!-- Test -->
