<?xml version="1.0" encoding="UTF-8"?>
<testng-results ignored="0" total="1" passed="1" failed="0" skipped="0">
  <reporter-output>
  </reporter-output>
  <suite started-at="2023-01-03T16:38:53 IST" name="Default suite" finished-at="2023-01-03T16:39:22 IST" duration-ms="28647">
    <groups>
    </groups>
    <test started-at="2023-01-03T16:38:53 IST" name="Default test" finished-at="2023-01-03T16:39:22 IST" duration-ms="28647">
      <class name="tests.managerTest.myTeam.teamMember.TeamMemberTest">
        <test-method is-config="true" signature="initializer()[pri:0, instance:tests.managerTest.myTeam.teamMember.TeamMemberTest@3f6f6701]" started-at="2023-01-03T16:38:53 IST" name="initializer" finished-at="2023-01-03T16:39:13 IST" duration-ms="20077" status="PASS">
          <reporter-output>
          </reporter-output>
        </test-method> <!-- initializer -->
        <test-method signature="validateTeamMembaer()[pri:0, instance:tests.managerTest.myTeam.teamMember.TeamMemberTest@3f6f6701]" started-at="2023-01-03T16:39:13 IST" name="validateTeamMembaer" finished-at="2023-01-03T16:39:22 IST" duration-ms="8503" status="PASS">
          <reporter-output>
          </reporter-output>
        </test-method> <!-- validateTeamMembaer -->
      </class> <!-- tests.managerTest.myTeam.teamMember.TeamMemberTest -->
    </test> <!-- Default test -->
  </suite> <!-- Default suite -->
</testng-results>
